<?xml version="1.0" encoding="UTF-8"?>
<!-- Generated by org.testng.reporters.JUnitReportReporter -->
<testsuite hostname="DESKTOP-5VPG43M" failures="0" tests="5" name="parallelTest.TestInvocation" time="0.047" errors="0" timestamp="10 Jul 2020 02:35:33 GMT" skipped="0">
  <testcase classname="parallelTest.TestInvocation" name="executeTest" time="0.036"/>
  <testcase classname="parallelTest.TestInvocation" name="executeTest" time="0.005"/>
  <testcase classname="parallelTest.TestInvocation" name="executeTest" time="0.002"/>
  <testcase classname="parallelTest.TestInvocation" name="executeTest" time="0.002"/>
  <testcase classname="parallelTest.TestInvocation" name="executeTest" time="0.002"/>
</testsuite> <!-- parallelTest.TestInvocation -->
