<?xml version="1.0" encoding="UTF-8"?>
<!-- Generated by org.testng.reporters.JUnitReportReporter -->
<testsuite hostname="DESKTOP-5VPG43M" failures="0" tests="2" name="regression.TestCase1" time="0.050" errors="0" timestamp="2020-07-02T11:37:14 PST" skipped="0">
  <testcase classname="regression.TestCase1" name="doUserReg" time="0.047"/>
  <system-out/>
  <testcase classname="regression.TestCase1" name="doLogin" time="0.003"/>
  <system-out/>
</testsuite> <!-- regression.TestCase1 -->
