<?xml version="1.0" encoding="UTF-8"?>
<!-- Generated by org.testng.reporters.JUnitReportReporter -->
<testsuite hostname="DESKTOP-5VPG43M" failures="0" tests="2" name="regression.TestCase1" time="0.006" errors="0" timestamp="02 Jul 2020 05:54:27 GMT" skipped="0">
  <testcase classname="regression.TestCase1" name="doUserReg" time="0.004"/>
  <testcase classname="regression.TestCase1" name="doLogin" time="0.002"/>
</testsuite> <!-- regression.TestCase1 -->
