<?xml version="1.0" encoding="UTF-8"?>
<!-- Generated by org.testng.reporters.JUnitReportReporter -->
<testsuite hostname="DESKTOP-5VPG43M" failures="0" tests="4" name="parameterization.LoginTest" time="0.034" errors="0" timestamp="08 Jul 2020 07:40:55 GMT" skipped="0">
  <testcase classname="parameterization.LoginTest" name="testUserReg" time="0.003"/>
  <testcase classname="parameterization.LoginTest" name="testLogin" time="0.016"/>
  <testcase classname="parameterization.LoginTest" name="testLogin" time="0.007"/>
  <testcase classname="parameterization.LoginTest" name="testUserReg" time="0.008"/>
</testsuite> <!-- parameterization.LoginTest -->
