<?xml version="1.0" encoding="UTF-8"?>
<!-- Generated by org.testng.reporters.JUnitReportReporter -->
<testsuite hostname="DESKTOP-5VPG43M" failures="0" tests="3" name="retry.TestLogin" time="0.033" errors="0" timestamp="13 Jul 2020 03:20:11 GMT" skipped="1">
  <testcase classname="retry.TestLogin" name="doLogin" time="0.019"/>
  <testcase classname="retry.TestLogin" name="registerUsers" time="0.007">
    <skipped/>
  </testcase> <!-- registerUsers -->
  <testcase classname="retry.TestLogin" name="registerUsers" time="0.007"/>
</testsuite> <!-- retry.TestLogin -->
