<?xml version="1.0" encoding="UTF-8"?>
<!-- Generated by org.testng.reporters.JUnitReportReporter -->
<testsuite hostname="DESKTOP-5VPG43M" failures="0" tests="2" name="testcases.TestCase1" time="0.025" errors="0" timestamp="12 Jul 2020 03:36:56 GMT" skipped="0">
  <testcase classname="testcases.TestCase1" name="doUserReg" time="0.018"/>
  <testcase classname="testcases.TestCase1" name="doLogin" time="0.007"/>
</testsuite> <!-- testcases.TestCase1 -->
