<?xml version="1.0" encoding="UTF-8"?>
<!-- Generated by org.testng.reporters.JUnitReportReporter -->
<testsuite hostname="DESKTOP-5VPG43M" failures="0" tests="2" name="parameterization.DataProviders" time="0.047" errors="0" timestamp="08 Jul 2020 06:06:48 GMT" skipped="0">
  <testcase classname="parameterization.DataProviders" name="testData" time="0.045"/>
  <testcase classname="parameterization.DataProviders" name="testData" time="0.002"/>
</testsuite> <!-- parameterization.DataProviders -->
