<?xml version="1.0" encoding="UTF-8"?>
<!-- Generated by org.testng.reporters.JUnitReportReporter -->
<testsuite hostname="DESKTOP-5VPG43M" failures="0" tests="4" name="testcases.TestCase3" time="0.024" errors="0" timestamp="2020-07-01T17:53:37 PST" skipped="0">
  <testcase classname="testcases.TestCase3" name="doUserReg" time="0.016"/>
  <system-out/>
  <testcase classname="testcases.TestCase3" name="doLogin" time="0.003"/>
  <system-out/>
  <testcase classname="testcases.TestCase3" name="thirdTest" time="0.003"/>
  <system-out/>
  <testcase classname="testcases.TestCase3" name="fourthTest" time="0.002"/>
  <system-out/>
</testsuite> <!-- testcases.TestCase3 -->
