<?xml version="1.0" encoding="UTF-8"?>
<!-- Generated by org.testng.reporters.JUnitReportReporter -->
<testsuite hostname="DESKTOP-5VPG43M" failures="0" tests="4" name="parameterization.LoginTest" time="0.023" errors="0" timestamp="08 Jul 2020 07:01:34 GMT" skipped="0">
  <testcase classname="parameterization.LoginTest" name="testUserReg" time="0.002"/>
  <testcase classname="parameterization.LoginTest" name="testLogin" time="0.015"/>
  <testcase classname="parameterization.LoginTest" name="testLogin" time="0.002"/>
  <testcase classname="parameterization.LoginTest" name="testUserReg" time="0.004"/>
</testsuite> <!-- parameterization.LoginTest -->
