<?xml version="1.0" encoding="UTF-8"?>
<!-- Generated by org.testng.reporters.JUnitReportReporter -->
<testsuite hostname="DESKTOP-5VPG43M" failures="0" tests="2" name="testcases.TestCase1" time="0.019" errors="0" timestamp="2020-07-02T11:59:30 PST" skipped="0">
  <testcase classname="testcases.TestCase1" name="doUserReg" time="0.013"/>
  <system-out/>
  <testcase classname="testcases.TestCase1" name="doLogin" time="0.006"/>
  <system-out/>
</testsuite> <!-- testcases.TestCase1 -->
