<?xml version="1.0" encoding="UTF-8"?>
<!-- Generated by org.testng.reporters.JUnitReportReporter -->
<testsuite hostname="DESKTOP-5VPG43M" failures="0" tests="2" name="testcases.TestCase1" time="0.011" errors="0" timestamp="21 Jul 2020 02:21:45 GMT" skipped="0">
  <testcase classname="testcases.TestCase1" name="doUserReg" time="0.009"/>
  <testcase classname="testcases.TestCase1" name="doLogin" time="0.002"/>
</testsuite> <!-- testcases.TestCase1 -->
