<?xml version="1.0" encoding="UTF-8"?>
<!-- Generated by org.testng.reporters.JUnitReportReporter -->
<testsuite hostname="DESKTOP-5VPG43M" failures="0" tests="1" name="testcases.TestCase2" time="0.033" errors="0" timestamp="2020-06-30T19:12:07 PST" skipped="0">
  <testcase classname="testcases.TestCase2" name="validateTitles" time="0.033"/>
  <system-out/>
</testsuite> <!-- testcases.TestCase2 -->
