<?xml version="1.0" encoding="UTF-8"?>
<!-- Generated by org.testng.reporters.JUnitReportReporter -->
<testsuite hostname="DESKTOP-5VPG43M" failures="0" tests="4" name="parameterization.TestNGParameterizationExcel" time="0.035" errors="0" timestamp="07 Jul 2020 09:35:09 GMT" skipped="0">
  <testcase classname="parameterization.TestNGParameterizationExcel" name="testData" time="0.032"/>
  <testcase classname="parameterization.TestNGParameterizationExcel" name="testData" time="0.001"/>
  <testcase classname="parameterization.TestNGParameterizationExcel" name="testData" time="0.002"/>
  <testcase classname="parameterization.TestNGParameterizationExcel" name="testData" time="0.000"/>
</testsuite> <!-- parameterization.TestNGParameterizationExcel -->
