<?xml version="1.0" encoding="UTF-8"?>
<!-- Generated by org.testng.reporters.JUnitReportReporter -->
<testsuite hostname="DESKTOP-5VPG43M" failures="0" tests="2" name="parallelTest.TestParallelDP" time="4.084" errors="0" timestamp="09 Jul 2020 03:14:08 GMT" skipped="0">
  <testcase classname="parallelTest.TestParallelDP" name="doLogin" time="2.042"/>
  <testcase classname="parallelTest.TestParallelDP" name="doLogin" time="2.042"/>
</testsuite> <!-- parallelTest.TestParallelDP -->
