<?xml version="1.0" encoding="UTF-8"?>
<!-- Generated by org.testng.reporters.JUnitReportReporter -->
<testsuite skipped="0" hostname="DESKTOP-5VPG43M" name="testcases.TestCase1" tests="2" failures="0" timestamp="28 Jul 2020 20:49:24 GMT" time="0.018" errors="0">
  <testcase name="doUserReg" time="0.010" classname="testcases.TestCase1"/>
  <testcase name="doLogin" time="0.008" classname="testcases.TestCase1"/>
</testsuite> <!-- testcases.TestCase1 -->
