<?xml version="1.0" encoding="UTF-8"?>
<!-- Generated by org.testng.reporters.JUnitReportReporter -->
<testsuite hostname="DESKTOP-5VPG43M" failures="0" tests="2" name="parameterization.TestParametersFromXML" time="0.024" errors="0" timestamp="09 Jul 2020 01:12:41 GMT" skipped="0">
  <testcase classname="parameterization.TestParametersFromXML" name="getBrowser" time="0.003"/>
  <testcase classname="parameterization.TestParametersFromXML" name="getBrowser" time="0.021"/>
</testsuite> <!-- parameterization.TestParametersFromXML -->
