<?xml version="1.0" encoding="UTF-8"?>
<!-- Generated by org.testng.reporters.JUnitReportReporter -->
<testsuite hostname="DESKTOP-5VPG43M" failures="0" tests="2" name="parallelTest.TestBrowser" time="4.417" errors="0" timestamp="09 Jul 2020 01:59:42 GMT" skipped="0">
  <testcase classname="parallelTest.TestBrowser" name="doLogin" time="2.038"/>
  <testcase classname="parallelTest.TestBrowser" name="doLogin" time="2.379"/>
</testsuite> <!-- parallelTest.TestBrowser -->
