<?xml version="1.0" encoding="UTF-8"?>
<!-- Generated by org.testng.reporters.JUnitReportReporter -->
<testsuite hostname="DESKTOP-5VPG43M" failures="0" tests="4" name="parameterization.TestNGParameterizationExcel" time="0.079" errors="0" timestamp="08 Jul 2020 01:20:26 GMT" skipped="0">
  <testcase classname="parameterization.TestNGParameterizationExcel" name="testData" time="0.040"/>
  <testcase classname="parameterization.TestNGParameterizationExcel" name="testData" time="0.015"/>
  <testcase classname="parameterization.TestNGParameterizationExcel" name="testData" time="0.020"/>
  <testcase classname="parameterization.TestNGParameterizationExcel" name="testData" time="0.004"/>
</testsuite> <!-- parameterization.TestNGParameterizationExcel -->
