<?xml version="1.0" encoding="UTF-8"?>
<!-- Generated by org.testng.reporters.JUnitReportReporter -->
<testsuite hostname="DESKTOP-5VPG43M" failures="0" tests="1" name="testcases.TestSkip" time="0.043" errors="0" timestamp="03 Jul 2020 11:51:53 GMT" skipped="0">
  <testcase classname="testcases.TestSkip" name="isSkip" time="0.043"/>
</testsuite> <!-- testcases.TestSkip -->
