<?xml version="1.0" encoding="UTF-8"?>
<!-- Generated by org.testng.reporters.JUnitReportReporter -->
<testsuite hostname="DESKTOP-5VPG43M" failures="0" tests="5" name="parallelTest.TestInvocation" time="63.091" errors="0" timestamp="10 Jul 2020 03:02:59 GMT" skipped="0">
  <testcase classname="parallelTest.TestInvocation" name="executeTest" time="7.400"/>
  <testcase classname="parallelTest.TestInvocation" name="executeTest" time="29.378"/>
  <testcase classname="parallelTest.TestInvocation" name="executeTest" time="10.667"/>
  <testcase classname="parallelTest.TestInvocation" name="executeTest" time="8.847"/>
  <testcase classname="parallelTest.TestInvocation" name="executeTest" time="6.799"/>
</testsuite> <!-- parallelTest.TestInvocation -->
