<?xml version="1.0" encoding="UTF-8"?>
<!-- Generated by org.testng.reporters.JUnitReportReporter -->
<testsuite hostname="DESKTOP-5VPG43M" failures="0" tests="3" name="parameterization.TestParameterization" time="0.029" errors="0" timestamp="06 Jul 2020 03:21:22 GMT" skipped="0">
  <testcase classname="parameterization.TestParameterization" name="doLogin" time="0.023"/>
  <testcase classname="parameterization.TestParameterization" name="doLogin" time="0.004"/>
  <testcase classname="parameterization.TestParameterization" name="doLogin" time="0.002"/>
</testsuite> <!-- parameterization.TestParameterization -->
