<?xml version="1.0" encoding="UTF-8"?>
<!-- Generated by org.testng.reporters.JUnitReportReporter -->
<testsuite skipped="0" hostname="DESKTOP-5VPG43M" name="testcases.TestCase1" tests="2" failures="0" timestamp="05 Aug 2020 16:05:43 GMT" time="0.022" errors="0">
  <testcase name="doUserReg" time="0.019" classname="testcases.TestCase1"/>
  <testcase name="doLogin" time="0.003" classname="testcases.TestCase1"/>
</testsuite> <!-- testcases.TestCase1 -->
