<?xml version="1.0" encoding="UTF-8"?>
<!-- Generated by org.testng.reporters.JUnitReportReporter -->
<testsuite hostname="DESKTOP-5VPG43M" failures="0" tests="4" name="retry.TestLogin" time="0.026" errors="0" timestamp="13 Jul 2020 03:16:08 GMT" skipped="2">
  <testcase classname="retry.TestLogin" name="doLogin" time="0.017"/>
  <testcase classname="retry.TestLogin" name="registerUsers" time="0.005">
    <skipped/>
  </testcase> <!-- registerUsers -->
  <testcase classname="retry.TestLogin" name="registerUsers" time="0.002">
    <skipped/>
  </testcase> <!-- registerUsers -->
  <testcase classname="retry.TestLogin" name="registerUsers" time="0.002"/>
</testsuite> <!-- retry.TestLogin -->
