<?xml version="1.0" encoding="UTF-8"?>
<!-- Generated by org.testng.reporters.JUnitReportReporter -->
<testsuite skipped="0" hostname="DESKTOP-5VPG43M" name="testcases.TestCase1" tests="2" failures="0" timestamp="02 Aug 2020 17:40:24 GMT" time="0.026" errors="0">
  <testcase name="doUserReg" time="0.014" classname="testcases.TestCase1"/>
  <testcase name="doLogin" time="0.012" classname="testcases.TestCase1"/>
</testsuite> <!-- testcases.TestCase1 -->
