<?xml version="1.0" encoding="UTF-8"?>
<!-- Generated by org.testng.reporters.JUnitReportReporter -->
<testsuite hostname="DESKTOP-5VPG43M" failures="0" tests="2" name="parallelTest.TestParallelDP" time="4.082" errors="0" timestamp="10 Jul 2020 01:09:09 GMT" skipped="0">
  <testcase classname="parallelTest.TestParallelDP" name="doLogin" time="2.041"/>
  <testcase classname="parallelTest.TestParallelDP" name="doLogin" time="2.041"/>
</testsuite> <!-- parallelTest.TestParallelDP -->
