<?xml version="1.0" encoding="UTF-8"?>
<!-- Generated by org.testng.reporters.JUnitReportReporter -->
<testsuite hostname="DESKTOP-5VPG43M" failures="0" tests="4" name="parameterization.TestNGParameterizationExcel" time="0.022" errors="0" timestamp="07 Jul 2020 01:14:49 GMT" skipped="0">
  <testcase classname="parameterization.TestNGParameterizationExcel" name="testData" time="0.003"/>
  <testcase classname="parameterization.TestNGParameterizationExcel" name="testData" time="0.004"/>
  <testcase classname="parameterization.TestNGParameterizationExcel" name="testData" time="0.012"/>
  <testcase classname="parameterization.TestNGParameterizationExcel" name="testData" time="0.003"/>
</testsuite> <!-- parameterization.TestNGParameterizationExcel -->
