<?xml version="1.0" encoding="UTF-8"?>
<!-- Generated by org.testng.reporters.JUnitReportReporter -->
<testsuite hostname="DESKTOP-5VPG43M" failures="0" tests="1" name="testcases.TestCase3" time="0.004" errors="0" timestamp="02 Jul 2020 10:20:08 GMT" skipped="0">
  <testcase classname="testcases.TestCase3" name="fourthTest" time="0.004"/>
</testsuite> <!-- testcases.TestCase3 -->
