<?xml version="1.0" encoding="UTF-8"?>
<!-- Generated by org.testng.reporters.JUnitReportReporter -->
<testsuite hostname="DESKTOP-5VPG43M" failures="0" tests="2" name="testcases.TestCase1" time="0.023" errors="0" timestamp="2020-06-29T20:56:12 PST" skipped="0">
  <testcase classname="testcases.TestCase1" name="doUserReg" time="0.018"/>
  <system-out/>
  <testcase classname="testcases.TestCase1" name="doLogin" time="0.005"/>
  <system-out/>
</testsuite> <!-- testcases.TestCase1 -->
