<?xml version="1.0" encoding="UTF-8"?>
<!-- Generated by org.testng.reporters.JUnitReportReporter -->
<testsuite hostname="DESKTOP-5VPG43M" failures="0" tests="1" name="testcases.TestSkip" time="0.056" errors="0" timestamp="03 Jul 2020 11:57:12 GMT" skipped="1">
  <testcase classname="testcases.TestSkip" name="isSkip" time="0.056">
    <skipped/>
  </testcase> <!-- isSkip -->
</testsuite> <!-- testcases.TestSkip -->
