<?xml version="1.0" encoding="UTF-8"?>
<!-- Generated by org.testng.reporters.JUnitReportReporter -->
<testsuite hostname="DESKTOP-5VPG43M" failures="0" tests="2" name="parameterization.TestParametersFromXML" time="0.018" errors="0" timestamp="08 Jul 2020 10:19:50 GMT" skipped="0">
  <testcase classname="parameterization.TestParametersFromXML" name="getBrowser" time="0.001"/>
  <testcase classname="parameterization.TestParametersFromXML" name="getBrowser" time="0.017"/>
</testsuite> <!-- parameterization.TestParametersFromXML -->
