<?xml version="1.0" encoding="UTF-8"?>
<!-- Generated by org.testng.reporters.JUnitReportReporter -->
<testsuite skipped="0" hostname="DESKTOP-5VPG43M" name="testcases.TestCase1" tests="2" failures="0" timestamp="06 Aug 2020 16:07:06 GMT" time="0.032" errors="0">
  <testcase name="doUserReg" time="0.024" classname="testcases.TestCase1"/>
  <testcase name="doLogin" time="0.008" classname="testcases.TestCase1"/>
</testsuite> <!-- testcases.TestCase1 -->
