<?xml version="1.0" encoding="UTF-8"?>
<!-- Generated by org.testng.reporters.JUnitReportReporter -->
<testsuite skipped="0" hostname="DESKTOP-5VPG43M" name="testcases.TestCase1" tests="2" failures="0" timestamp="28 Jul 2020 08:02:50 GMT" time="0.009" errors="0">
  <testcase name="doUserReg" time="0.007" classname="testcases.TestCase1"/>
  <testcase name="doLogin" time="0.002" classname="testcases.TestCase1"/>
</testsuite> <!-- testcases.TestCase1 -->
