<?xml version="1.0" encoding="UTF-8"?>
<!-- Generated by org.testng.reporters.JUnitReportReporter -->
<testsuite hostname="DESKTOP-5VPG43M" failures="0" tests="2" name="retry.TestLogin" time="0.022" errors="0" timestamp="13 Jul 2020 03:24:55 GMT" skipped="0">
  <testcase classname="retry.TestLogin" name="doLogin" time="0.017"/>
  <testcase classname="retry.TestLogin" name="registerUsers" time="0.005"/>
</testsuite> <!-- retry.TestLogin -->
