<?xml version="1.0" encoding="UTF-8"?>
<!-- Generated by org.testng.reporters.JUnitReportReporter -->
<testsuite hostname="DESKTOP-5VPG43M" failures="0" tests="2" name="parameterization.TestParametersFromXML" time="0.027" errors="0" timestamp="08 Jul 2020 10:13:31 GMT" skipped="0">
  <testcase classname="parameterization.TestParametersFromXML" name="getBrowser" time="0.003"/>
  <testcase classname="parameterization.TestParametersFromXML" name="getBrowser" time="0.024"/>
</testsuite> <!-- parameterization.TestParametersFromXML -->
