<?xml version="1.0" encoding="UTF-8"?>
<!-- Generated by org.testng.reporters.JUnitReportReporter -->
<testsuite hostname="DESKTOP-5VPG43M" failures="0" tests="4" name="parameterization.LoginTest" time="0.027" errors="0" timestamp="08 Jul 2020 07:33:30 GMT" skipped="0">
  <testcase classname="parameterization.LoginTest" name="testUserReg" time="0.005"/>
  <testcase classname="parameterization.LoginTest" name="testLogin" time="0.014"/>
  <testcase classname="parameterization.LoginTest" name="testLogin" time="0.004"/>
  <testcase classname="parameterization.LoginTest" name="testUserReg" time="0.004"/>
</testsuite> <!-- parameterization.LoginTest -->
