<?xml version="1.0" encoding="UTF-8"?>
<!-- Generated by org.testng.reporters.JUnitReportReporter -->
<testsuite hostname="DESKTOP-5VPG43M" failures="0" tests="1" name="testNGListenerOnFailure.LoginTest" time="5.555" errors="0" timestamp="12 Jul 2020 04:00:33 GMT" skipped="0">
  <testcase classname="testNGListenerOnFailure.LoginTest" name="doLogin" time="5.555"/>
</testsuite> <!-- testNGListenerOnFailure.LoginTest -->
