<?xml version="1.0" encoding="UTF-8"?>
<!-- Generated by org.testng.reporters.JUnitReportReporter -->
<testsuite hostname="DESKTOP-5VPG43M" failures="0" tests="2" name="testcases.TestCase1" time="0.041" errors="0" timestamp="08 Jul 2020 01:14:05 GMT" skipped="0">
  <testcase classname="testcases.TestCase1" name="doUserReg" time="0.038"/>
  <testcase classname="testcases.TestCase1" name="doLogin" time="0.003"/>
</testsuite> <!-- testcases.TestCase1 -->
